## Footprint report - date Freitag, 03. April 2020 um 17:07:10
## Created by Pcbnew version pcbnew (5.1.5-0)
## Unit = mm, Angle = deg.

$BeginDESCRIPTION

$BOARD
upper_left_corner 23.041667 85.442500
lower_right_corner 146.806581 151.642500
$EndBOARD

$MODULE "H5"
reference "H5"
value "n.p."
footprint "MountingHole:MountingHole_3.2mm_M3_Pad"
attribut virtual
position 113.000000 145.500000  orientation 0.00
layer front
$PAD "1"
Shape Kreis Layer both
position  0.000000  0.000000  size  6.400000  6.400000  orientation 0.00
drill  3.200000
shape_offset  0.000000  0.000000
$EndPAD
$EndMODULE  H5

$MODULE "R30"
reference "R30"
value "n.p."
footprint "Resistor_SMD:R_0815_2038Metric_Pad1.53x4.00mm_HandSolder"
attribut smd
position 139.000000 140.000000  orientation 270.00
layer back
$PAD "2"
Shape Rundecken Layer back
position  0.937500  0.000000  size  1.525000  4.000000  orientation 0.00
drill  0.000000
shape_offset  0.000000  0.000000
$EndPAD
$PAD "1"
Shape Rundecken Layer back
position -0.937500  0.000000  size  1.525000  4.000000  orientation 0.00
drill  0.000000
shape_offset  0.000000  0.000000
$EndPAD
$EndMODULE  R30

$MODULE "R29"
reference "R29"
value "n.p."
footprint "Resistor_SMD:R_0815_2038Metric_Pad1.53x4.00mm_HandSolder"
attribut smd
position 95.562500 140.000000  orientation 180.00
layer back
$PAD "2"
Shape Rundecken Layer back
position  0.937500  0.000000  size  1.525000  4.000000  orientation 0.00
drill  0.000000
shape_offset  0.000000  0.000000
$EndPAD
$PAD "1"
Shape Rundecken Layer back
position -0.937500  0.000000  size  1.525000  4.000000  orientation 0.00
drill  0.000000
shape_offset  0.000000  0.000000
$EndPAD
$EndMODULE  R29

$MODULE "R27"
reference "R27"
value "n.p."
footprint "Resistor_SMD:R_0815_2038Metric_Pad1.53x4.00mm_HandSolder"
attribut smd
position 95.562500 127.500000  orientation 180.00
layer back
$PAD "2"
Shape Rundecken Layer back
position  0.937500  0.000000  size  1.525000  4.000000  orientation 0.00
drill  0.000000
shape_offset  0.000000  0.000000
$EndPAD
$PAD "1"
Shape Rundecken Layer back
position -0.937500  0.000000  size  1.525000  4.000000  orientation 0.00
drill  0.000000
shape_offset  0.000000  0.000000
$EndPAD
$EndMODULE  R27

$MODULE "R26"
reference "R26"
value "n.p."
footprint "Resistor_SMD:R_0815_2038Metric_Pad1.53x4.00mm_HandSolder"
attribut smd
position 95.500000 115.000000  orientation 180.00
layer back
$PAD "2"
Shape Rundecken Layer back
position  0.937500  0.000000  size  1.525000  4.000000  orientation 0.00
drill  0.000000
shape_offset  0.000000  0.000000
$EndPAD
$PAD "1"
Shape Rundecken Layer back
position -0.937500  0.000000  size  1.525000  4.000000  orientation 0.00
drill  0.000000
shape_offset  0.000000  0.000000
$EndPAD
$EndMODULE  R26

$MODULE "R25"
reference "R25"
value "n.p."
footprint "Resistor_SMD:R_0815_2038Metric_Pad1.53x4.00mm_HandSolder"
attribut smd
position 95.437500 102.500000  orientation 180.00
layer back
$PAD "2"
Shape Rundecken Layer back
position  0.937500  0.000000  size  1.525000  4.000000  orientation 0.00
drill  0.000000
shape_offset  0.000000  0.000000
$EndPAD
$PAD "1"
Shape Rundecken Layer back
position -0.937500  0.000000  size  1.525000  4.000000  orientation 0.00
drill  0.000000
shape_offset  0.000000  0.000000
$EndPAD
$EndMODULE  R25

$MODULE "TP3"
reference "TP3"
value " "
footprint "TestPoint:TestPoint_Loop_D2.50mm_Drill1.0mm"
attribut none
position 98.000000 146.250000  orientation 0.00
layer front
$PAD "1"
Shape Kreis Layer both
position  0.000000  0.000000  size  2.000000  2.000000  orientation 0.00
drill  1.000000
shape_offset  0.000000  0.000000
$EndPAD
$EndMODULE  TP3

$MODULE "TP1"
reference "TP1"
value " "
footprint "TestPoint:TestPoint_Loop_D2.50mm_Drill1.0mm"
attribut none
position 98.000000 133.750000  orientation 0.00
layer front
$PAD "1"
Shape Kreis Layer both
position  0.000000  0.000000  size  2.000000  2.000000  orientation 0.00
drill  1.000000
shape_offset  0.000000  0.000000
$EndPAD
$EndMODULE  TP1

$MODULE "J1"
reference "J1"
value "n.p."
footprint "Connector_PinHeader_2.54mm:PinHeader_1x01_P2.54mm_Vertical"
attribut none
position 46.500000 130.000000  orientation 0.00
layer front
$PAD "1"
Shape Rechteck Layer both
position  0.000000  0.000000  size  1.700000  1.700000  orientation 0.00
drill  1.000000
shape_offset  0.000000  0.000000
$EndPAD
$EndMODULE  J1

$MODULE "R14"
reference "R14"
value "10k, 250mW"
footprint "Resistor_THT:R_Axial_DIN0207_L6.3mm_D2.5mm_P10.16mm_Horizontal"
attribut none
position 90.009200 108.688200  orientation 180.00
layer front
$PAD "2"
Shape Oval Layer both
position 10.160000  0.000000  size  1.600000  1.600000  orientation 0.00
drill  0.800000
shape_offset  0.000000  0.000000
$EndPAD
$PAD "1"
Shape Kreis Layer both
position  0.000000  0.000000  size  1.600000  1.600000  orientation 0.00
drill  0.800000
shape_offset  0.000000  0.000000
$EndPAD
$EndMODULE  R14

$MODULE "R9"
reference "R9"
value "10k, 1W, carbon"
footprint "Resistor_THT:R_Axial_DIN0309_L9.0mm_D3.2mm_P12.70mm_Horizontal"
attribut none
position 77.509200 142.438200  orientation 180.00
layer front
$PAD "2"
Shape Oval Layer both
position 12.700000  0.000000  size  1.600000  1.600000  orientation 0.00
drill  0.800000
shape_offset  0.000000  0.000000
$EndPAD
$PAD "1"
Shape Kreis Layer both
position  0.000000  0.000000  size  1.600000  1.600000  orientation 0.00
drill  0.800000
shape_offset  0.000000  0.000000
$EndPAD
$EndMODULE  R9

$MODULE "R8"
reference "R8"
value "10k, 1W, carbon"
footprint "Resistor_THT:R_Axial_DIN0309_L9.0mm_D3.2mm_P12.70mm_Horizontal"
attribut none
position 77.509200 117.438200  orientation 180.00
layer front
$PAD "2"
Shape Oval Layer both
position 12.700000  0.000000  size  1.600000  1.600000  orientation 0.00
drill  0.800000
shape_offset  0.000000  0.000000
$EndPAD
$PAD "1"
Shape Kreis Layer both
position  0.000000  0.000000  size  1.600000  1.600000  orientation 0.00
drill  0.800000
shape_offset  0.000000  0.000000
$EndPAD
$EndMODULE  R8

$MODULE "R7"
reference "R7"
value "10k, 1W, carbon"
footprint "Resistor_THT:R_Axial_DIN0309_L9.0mm_D3.2mm_P12.70mm_Horizontal"
attribut none
position 77.509200 129.938200  orientation 180.00
layer front
$PAD "2"
Shape Oval Layer both
position 12.700000  0.000000  size  1.600000  1.600000  orientation 0.00
drill  0.800000
shape_offset  0.000000  0.000000
$EndPAD
$PAD "1"
Shape Kreis Layer both
position  0.000000  0.000000  size  1.600000  1.600000  orientation 0.00
drill  0.800000
shape_offset  0.000000  0.000000
$EndPAD
$EndMODULE  R7

$MODULE "R6"
reference "R6"
value "10k, 1W, carbon"
footprint "Resistor_THT:R_Axial_DIN0309_L9.0mm_D3.2mm_P12.70mm_Horizontal"
attribut none
position 62.509200 104.938200  orientation 180.00
layer front
$PAD "2"
Shape Oval Layer both
position 12.700000  0.000000  size  1.600000  1.600000  orientation 0.00
drill  0.800000
shape_offset  0.000000  0.000000
$EndPAD
$PAD "1"
Shape Kreis Layer both
position  0.000000  0.000000  size  1.600000  1.600000  orientation 0.00
drill  0.800000
shape_offset  0.000000  0.000000
$EndPAD
$EndMODULE  R6

$MODULE "NE2"
reference "NE2"
value "150V"
footprint "Capacitor_THT:C_Radial_D8.0mm_H11.5mm_P3.50mm"
attribut none
position 85.000000 115.000000  orientation 180.00
layer front
$PAD "2"
Shape Kreis Layer both
position  3.500000  0.000000  size  1.600000  1.600000  orientation 0.00
drill  0.800000
shape_offset  0.000000  0.000000
$EndPAD
$PAD "1"
Shape Kreis Layer both
position  0.000000  0.000000  size  1.600000  1.600000  orientation 0.00
drill  0.800000
shape_offset  0.000000  0.000000
$EndPAD
$EndMODULE  NE2

$MODULE "NE1"
reference "NE1"
value "150V"
footprint "Capacitor_THT:C_Radial_D8.0mm_H11.5mm_P3.50mm"
attribut none
position 85.000000 127.500000  orientation 180.00
layer front
$PAD "2"
Shape Kreis Layer both
position  3.500000  0.000000  size  1.600000  1.600000  orientation 0.00
drill  0.800000
shape_offset  0.000000  0.000000
$EndPAD
$PAD "1"
Shape Kreis Layer both
position  0.000000  0.000000  size  1.600000  1.600000  orientation 0.00
drill  0.800000
shape_offset  0.000000  0.000000
$EndPAD
$EndMODULE  NE1

$MODULE "H4"
reference "H4"
value "MountingHole"
footprint "MountingHole:MountingHole_3.2mm_M3_ISO14580"
attribut virtual
position 139.500000 147.000000  orientation 0.00
layer front
$PAD "1"
Shape Kreis Layer both
position  0.000000  0.000000  size  3.200000  3.200000  orientation 0.00
drill  3.200000
shape_offset  0.000000  0.000000
$EndPAD
$EndMODULE  H4

$MODULE "H3"
reference "H3"
value "MountingHole"
footprint "MountingHole:MountingHole_3.2mm_M3_ISO14580"
attribut virtual
position 139.500000 100.500000  orientation 0.00
layer front
$PAD "1"
Shape Kreis Layer both
position  0.000000  0.000000  size  3.200000  3.200000  orientation 0.00
drill  3.200000
shape_offset  0.000000  0.000000
$EndPAD
$EndMODULE  H3

$MODULE "H2"
reference "H2"
value "MountingHole"
footprint "MountingHole:MountingHole_3.2mm_M3_ISO14580"
attribut virtual
position 40.500000 147.000000  orientation 0.00
layer front
$PAD "1"
Shape Kreis Layer both
position  0.000000  0.000000  size  3.200000  3.200000  orientation 0.00
drill  3.200000
shape_offset  0.000000  0.000000
$EndPAD
$EndMODULE  H2

$MODULE "H1"
reference "H1"
value "MountingHole"
footprint "MountingHole:MountingHole_3.2mm_M3_ISO14580"
attribut virtual
position 40.500000 100.500000  orientation 0.00
layer front
$PAD "1"
Shape Kreis Layer both
position  0.000000  0.000000  size  3.200000  3.200000  orientation 0.00
drill  3.200000
shape_offset  0.000000  0.000000
$EndPAD
$EndMODULE  H1

$MODULE "D3"
reference "D3"
value "TVS, 5V, 9.2V"
footprint "Diode_SMD:D_SMB_Handsoldering"
attribut smd
position 93.750000 143.688200  orientation 90.00
layer front
$PAD "2"
Shape Rechteck Layer front
position  2.700000  0.000000  size  3.500000  2.300000  orientation 0.00
drill  0.000000
shape_offset  0.000000  0.000000
$EndPAD
$PAD "1"
Shape Rechteck Layer front
position -2.700000  0.000000  size  3.500000  2.300000  orientation 0.00
drill  0.000000
shape_offset  0.000000  0.000000
$EndPAD
$EndMODULE  D3

$MODULE "D2"
reference "D2"
value "TVS, 5V, 9.2V"
footprint "Diode_SMD:D_SMB_Handsoldering"
attribut smd
position 93.759200 118.688200  orientation 90.00
layer front
$PAD "2"
Shape Rechteck Layer front
position  2.700000  0.000000  size  3.500000  2.300000  orientation 0.00
drill  0.000000
shape_offset  0.000000  0.000000
$EndPAD
$PAD "1"
Shape Rechteck Layer front
position -2.700000  0.000000  size  3.500000  2.300000  orientation 0.00
drill  0.000000
shape_offset  0.000000  0.000000
$EndPAD
$EndMODULE  D2

$MODULE "D1"
reference "D1"
value "TVS, 5V, 9.2V"
footprint "Diode_SMD:D_SMB_Handsoldering"
attribut smd
position 93.759200 131.188200  orientation 90.00
layer front
$PAD "2"
Shape Rechteck Layer front
position  2.700000  0.000000  size  3.500000  2.300000  orientation 0.00
drill  0.000000
shape_offset  0.000000  0.000000
$EndPAD
$PAD "1"
Shape Rechteck Layer front
position -2.700000  0.000000  size  3.500000  2.300000  orientation 0.00
drill  0.000000
shape_offset  0.000000  0.000000
$EndPAD
$EndMODULE  D1

$MODULE "C2"
reference "C2"
value "n.p."
footprint "Capacitor_THT:C_Rect_L4.0mm_W2.5mm_P2.50mm"
attribut none
position 89.500000 117.438200  orientation 90.00
layer front
$PAD "2"
Shape Kreis Layer both
position  2.500000  0.000000  size  1.600000  1.600000  orientation 0.00
drill  0.800000
shape_offset  0.000000  0.000000
$EndPAD
$PAD "1"
Shape Kreis Layer both
position  0.000000  0.000000  size  1.600000  1.600000  orientation 0.00
drill  0.800000
shape_offset  0.000000  0.000000
$EndPAD
$EndMODULE  C2

$MODULE "R28"
reference "R28"
value "100k"
footprint "Resistor_SMD:R_0603_1608Metric_Pad1.05x0.95mm_HandSolder"
attribut smd
position 121.009200 130.688200  orientation 180.00
layer front
$PAD "2"
Shape Rundecken Layer front
position  0.875000  0.000000  size  1.050000  0.950000  orientation 0.00
drill  0.000000
shape_offset  0.000000  0.000000
$EndPAD
$PAD "1"
Shape Rundecken Layer front
position -0.875000  0.000000  size  1.050000  0.950000  orientation 0.00
drill  0.000000
shape_offset  0.000000  0.000000
$EndPAD
$EndMODULE  R28

$MODULE "U1"
reference "U1"
value "TPS73033DBVT"
footprint "Package_TO_SOT_SMD:SOT-23-5_HandSoldering"
attribut smd
position 118.509200 135.238200  orientation 180.00
layer front
$PAD "5"
Shape Rechteck Layer front
position  1.350000 -0.950000  size  1.560000  0.650000  orientation 0.00
drill  0.000000
shape_offset  0.000000  0.000000
$EndPAD
$PAD "4"
Shape Rechteck Layer front
position  1.350000  0.950000  size  1.560000  0.650000  orientation 0.00
drill  0.000000
shape_offset  0.000000  0.000000
$EndPAD
$PAD "3"
Shape Rechteck Layer front
position -1.350000  0.950000  size  1.560000  0.650000  orientation 0.00
drill  0.000000
shape_offset  0.000000  0.000000
$EndPAD
$PAD "2"
Shape Rechteck Layer front
position -1.350000  0.000000  size  1.560000  0.650000  orientation 0.00
drill  0.000000
shape_offset  0.000000  0.000000
$EndPAD
$PAD "1"
Shape Rechteck Layer front
position -1.350000 -0.950000  size  1.560000  0.650000  orientation 0.00
drill  0.000000
shape_offset  0.000000  0.000000
$EndPAD
$EndMODULE  U1

$MODULE "TP15"
reference "TP15"
value " "
footprint "TestPoint:TestPoint_Loop_D2.50mm_Drill1.0mm"
attribut none
position 121.500000 110.000000  orientation 0.00
layer front
$PAD "1"
Shape Kreis Layer both
position  0.000000  0.000000  size  2.000000  2.000000  orientation 0.00
drill  1.000000
shape_offset  0.000000  0.000000
$EndPAD
$EndMODULE  TP15

$MODULE "TP14"
reference "TP14"
value " "
footprint "TestPoint:TestPoint_Loop_D2.50mm_Drill1.0mm"
attribut none
position 127.670000 115.710000  orientation 0.00
layer front
$PAD "1"
Shape Kreis Layer both
position  0.000000  0.000000  size  2.000000  2.000000  orientation 0.00
drill  1.000000
shape_offset  0.000000  0.000000
$EndPAD
$EndMODULE  TP14

$MODULE "TP13"
reference "TP13"
value " "
footprint "TestPoint:TestPoint_Loop_D2.50mm_Drill1.0mm"
attribut none
position 131.480000 128.410000  orientation 0.00
layer front
$PAD "1"
Shape Kreis Layer both
position  0.000000  0.000000  size  2.000000  2.000000  orientation 0.00
drill  1.000000
shape_offset  0.000000  0.000000
$EndPAD
$EndMODULE  TP13

$MODULE "TP12"
reference "TP12"
value " "
footprint "TestPoint:TestPoint_Loop_D2.50mm_Drill1.0mm"
attribut none
position 127.670000 130.950000  orientation 0.00
layer front
$PAD "1"
Shape Kreis Layer both
position  0.000000  0.000000  size  2.000000  2.000000  orientation 0.00
drill  1.000000
shape_offset  0.000000  0.000000
$EndPAD
$EndMODULE  TP12

$MODULE "TP11"
reference "TP11"
value " "
footprint "TestPoint:TestPoint_Loop_D2.50mm_Drill1.0mm"
attribut none
position 131.480000 118.250000  orientation 0.00
layer front
$PAD "1"
Shape Kreis Layer both
position  0.000000  0.000000  size  2.000000  2.000000  orientation 0.00
drill  1.000000
shape_offset  0.000000  0.000000
$EndPAD
$EndMODULE  TP11

$MODULE "TP10"
reference "TP10"
value " "
footprint "TestPoint:TestPoint_Loop_D2.50mm_Drill1.0mm"
attribut none
position 131.480000 123.330000  orientation 0.00
layer front
$PAD "1"
Shape Kreis Layer both
position  0.000000  0.000000  size  2.000000  2.000000  orientation 0.00
drill  1.000000
shape_offset  0.000000  0.000000
$EndPAD
$EndMODULE  TP10

$MODULE "TP9"
reference "TP9"
value " "
footprint "TestPoint:TestPoint_Loop_D2.50mm_Drill1.0mm"
attribut none
position 127.670000 120.790000  orientation 0.00
layer front
$PAD "1"
Shape Kreis Layer both
position  0.000000  0.000000  size  2.000000  2.000000  orientation 0.00
drill  1.000000
shape_offset  0.000000  0.000000
$EndPAD
$EndMODULE  TP9

$MODULE "TP8"
reference "TP8"
value " "
footprint "TestPoint:TestPoint_Loop_D2.50mm_Drill1.0mm"
attribut none
position 127.670000 125.870000  orientation 0.00
layer front
$PAD "1"
Shape Kreis Layer both
position  0.000000  0.000000  size  2.000000  2.000000  orientation 0.00
drill  1.000000
shape_offset  0.000000  0.000000
$EndPAD
$EndMODULE  TP8

$MODULE "TP7"
reference "TP7"
value " "
footprint "TestPoint:TestPoint_Loop_D2.50mm_Drill1.0mm"
attribut none
position 131.929200 136.688200  orientation 0.00
layer front
$PAD "1"
Shape Kreis Layer both
position  0.000000  0.000000  size  2.000000  2.000000  orientation 0.00
drill  1.000000
shape_offset  0.000000  0.000000
$EndPAD
$EndMODULE  TP7

$MODULE "TP6"
reference "TP6"
value " "
footprint "TestPoint:TestPoint_Loop_D2.50mm_Drill1.0mm"
attribut none
position 131.889200 112.748200  orientation 0.00
layer front
$PAD "1"
Shape Kreis Layer both
position  0.000000  0.000000  size  2.000000  2.000000  orientation 0.00
drill  1.000000
shape_offset  0.000000  0.000000
$EndPAD
$EndMODULE  TP6

$MODULE "TP5"
reference "TP5"
value " "
footprint "TestPoint:TestPoint_Loop_D2.50mm_Drill1.0mm"
attribut none
position 101.000000 102.500000  orientation 0.00
layer front
$PAD "1"
Shape Kreis Layer both
position  0.000000  0.000000  size  2.000000  2.000000  orientation 0.00
drill  1.000000
shape_offset  0.000000  0.000000
$EndPAD
$EndMODULE  TP5

$MODULE "TP4"
reference "TP4"
value " "
footprint "TestPoint:TestPoint_Loop_D2.50mm_Drill1.0mm"
attribut none
position 98.000000 108.750000  orientation 0.00
layer front
$PAD "1"
Shape Kreis Layer both
position  0.000000  0.000000  size  2.000000  2.000000  orientation 0.00
drill  1.000000
shape_offset  0.000000  0.000000
$EndPAD
$EndMODULE  TP4

$MODULE "TP2"
reference "TP2"
value " "
footprint "TestPoint:TestPoint_Loop_D2.50mm_Drill1.0mm"
attribut none
position 98.000000 121.250000  orientation 0.00
layer front
$PAD "1"
Shape Kreis Layer both
position  0.000000  0.000000  size  2.000000  2.000000  orientation 0.00
drill  1.000000
shape_offset  0.000000  0.000000
$EndPAD
$EndMODULE  TP2

$MODULE "R24"
reference "R24"
value "6.8k"
footprint "Resistor_SMD:R_0603_1608Metric_Pad1.05x0.95mm_HandSolder"
attribut smd
position 117.509200 116.063200  orientation 270.00
layer front
$PAD "2"
Shape Rundecken Layer front
position  0.875000  0.000000  size  1.050000  0.950000  orientation 0.00
drill  0.000000
shape_offset  0.000000  0.000000
$EndPAD
$PAD "1"
Shape Rundecken Layer front
position -0.875000  0.000000  size  1.050000  0.950000  orientation 0.00
drill  0.000000
shape_offset  0.000000  0.000000
$EndPAD
$EndMODULE  R24

$MODULE "R23"
reference "R23"
value "6.8k"
footprint "Resistor_SMD:R_0603_1608Metric_Pad1.05x0.95mm_HandSolder"
attribut smd
position 116.009200 116.063200  orientation 90.00
layer front
$PAD "2"
Shape Rundecken Layer front
position  0.875000  0.000000  size  1.050000  0.950000  orientation 0.00
drill  0.000000
shape_offset  0.000000  0.000000
$EndPAD
$PAD "1"
Shape Rundecken Layer front
position -0.875000  0.000000  size  1.050000  0.950000  orientation 0.00
drill  0.000000
shape_offset  0.000000  0.000000
$EndPAD
$EndMODULE  R23

$MODULE "R22"
reference "R22"
value "100"
footprint "Resistor_SMD:R_0603_1608Metric_Pad1.05x0.95mm_HandSolder"
attribut smd
position 121.000000 123.500000  orientation 180.00
layer front
$PAD "2"
Shape Rundecken Layer front
position  0.875000  0.000000  size  1.050000  0.950000  orientation 0.00
drill  0.000000
shape_offset  0.000000  0.000000
$EndPAD
$PAD "1"
Shape Rundecken Layer front
position -0.875000  0.000000  size  1.050000  0.950000  orientation 0.00
drill  0.000000
shape_offset  0.000000  0.000000
$EndPAD
$EndMODULE  R22

$MODULE "R21"
reference "R21"
value "100"
footprint "Resistor_SMD:R_0603_1608Metric_Pad1.05x0.95mm_HandSolder"
attribut smd
position 121.000000 122.000000  orientation 180.00
layer front
$PAD "2"
Shape Rundecken Layer front
position  0.875000  0.000000  size  1.050000  0.950000  orientation 0.00
drill  0.000000
shape_offset  0.000000  0.000000
$EndPAD
$PAD "1"
Shape Rundecken Layer front
position -0.875000  0.000000  size  1.050000  0.950000  orientation 0.00
drill  0.000000
shape_offset  0.000000  0.000000
$EndPAD
$EndMODULE  R21

$MODULE "R20"
reference "R20"
value "6.8k"
footprint "Resistor_SMD:R_0603_1608Metric_Pad1.05x0.95mm_HandSolder"
attribut smd
position 107.500000 112.688200  orientation 270.00
layer front
$PAD "2"
Shape Rundecken Layer front
position  0.875000  0.000000  size  1.050000  0.950000  orientation 0.00
drill  0.000000
shape_offset  0.000000  0.000000
$EndPAD
$PAD "1"
Shape Rundecken Layer front
position -0.875000  0.000000  size  1.050000  0.950000  orientation 0.00
drill  0.000000
shape_offset  0.000000  0.000000
$EndPAD
$EndMODULE  R20

$MODULE "R19"
reference "R19"
value "100k"
footprint "Resistor_SMD:R_0603_1608Metric_Pad1.05x0.95mm_HandSolder"
attribut smd
position 105.500000 112.688200  orientation 270.00
layer front
$PAD "2"
Shape Rundecken Layer front
position  0.875000  0.000000  size  1.050000  0.950000  orientation 0.00
drill  0.000000
shape_offset  0.000000  0.000000
$EndPAD
$PAD "1"
Shape Rundecken Layer front
position -0.875000  0.000000  size  1.050000  0.950000  orientation 0.00
drill  0.000000
shape_offset  0.000000  0.000000
$EndPAD
$EndMODULE  R19

$MODULE "R18"
reference "R18"
value "1M"
footprint "Resistor_SMD:R_0603_1608Metric_Pad1.05x0.95mm_HandSolder"
attribut smd
position 109.500000 112.688200  orientation 270.00
layer front
$PAD "2"
Shape Rundecken Layer front
position  0.875000  0.000000  size  1.050000  0.950000  orientation 0.00
drill  0.000000
shape_offset  0.000000  0.000000
$EndPAD
$PAD "1"
Shape Rundecken Layer front
position -0.875000  0.000000  size  1.050000  0.950000  orientation 0.00
drill  0.000000
shape_offset  0.000000  0.000000
$EndPAD
$EndMODULE  R18

$MODULE "R17"
reference "R17"
value "22k"
footprint "Resistor_SMD:R_0603_1608Metric_Pad1.05x0.95mm_HandSolder"
attribut smd
position 98.134200 143.688200  orientation 0.00
layer front
$PAD "2"
Shape Rundecken Layer front
position  0.875000  0.000000  size  1.050000  0.950000  orientation 0.00
drill  0.000000
shape_offset  0.000000  0.000000
$EndPAD
$PAD "1"
Shape Rundecken Layer front
position -0.875000  0.000000  size  1.050000  0.950000  orientation 0.00
drill  0.000000
shape_offset  0.000000  0.000000
$EndPAD
$EndMODULE  R17

$MODULE "R16"
reference "R16"
value "22k"
footprint "Resistor_SMD:R_0603_1608Metric_Pad1.05x0.95mm_HandSolder"
attribut smd
position 98.134200 118.688200  orientation 0.00
layer front
$PAD "1"
Shape Rundecken Layer front
position -0.875000  0.000000  size  1.050000  0.950000  orientation 0.00
drill  0.000000
shape_offset  0.000000  0.000000
$EndPAD
$PAD "2"
Shape Rundecken Layer front
position  0.875000  0.000000  size  1.050000  0.950000  orientation 0.00
drill  0.000000
shape_offset  0.000000  0.000000
$EndPAD
$EndMODULE  R16

$MODULE "R15"
reference "R15"
value "22k"
footprint "Resistor_SMD:R_0603_1608Metric_Pad1.05x0.95mm_HandSolder"
attribut smd
position 98.134200 131.188200  orientation 0.00
layer front
$PAD "2"
Shape Rundecken Layer front
position  0.875000  0.000000  size  1.050000  0.950000  orientation 0.00
drill  0.000000
shape_offset  0.000000  0.000000
$EndPAD
$PAD "1"
Shape Rundecken Layer front
position -0.875000  0.000000  size  1.050000  0.950000  orientation 0.00
drill  0.000000
shape_offset  0.000000  0.000000
$EndPAD
$EndMODULE  R15

$MODULE "R2"
reference "R2"
value "100k"
footprint "Resistor_SMD:R_0603_1608Metric_Pad1.05x0.95mm_HandSolder"
attribut smd
position 121.009200 127.140000  orientation 180.00
layer front
$PAD "2"
Shape Rundecken Layer front
position  0.875000  0.000000  size  1.050000  0.950000  orientation 0.00
drill  0.000000
shape_offset  0.000000  0.000000
$EndPAD
$PAD "1"
Shape Rundecken Layer front
position -0.875000  0.000000  size  1.050000  0.950000  orientation 0.00
drill  0.000000
shape_offset  0.000000  0.000000
$EndPAD
$EndMODULE  R2

$MODULE "R1"
reference "R1"
value "100k"
footprint "Resistor_SMD:R_0603_1608Metric_Pad1.05x0.95mm_HandSolder"
attribut smd
position 121.009200 129.188200  orientation 0.00
layer front
$PAD "2"
Shape Rundecken Layer front
position  0.875000  0.000000  size  1.050000  0.950000  orientation 0.00
drill  0.000000
shape_offset  0.000000  0.000000
$EndPAD
$PAD "1"
Shape Rundecken Layer front
position -0.875000  0.000000  size  1.050000  0.950000  orientation 0.00
drill  0.000000
shape_offset  0.000000  0.000000
$EndPAD
$EndMODULE  R1

$MODULE "L3"
reference "L3"
value "MMZ2012R102A"
footprint "Inductor_SMD:L_0805_2012Metric_Pad1.15x1.40mm_HandSolder"
attribut smd
position 111.509200 135.163200  orientation 90.00
layer front
$PAD "2"
Shape Rundecken Layer front
position  1.025000  0.000000  size  1.150000  1.400000  orientation 0.00
drill  0.000000
shape_offset  0.000000  0.000000
$EndPAD
$PAD "1"
Shape Rundecken Layer front
position -1.025000  0.000000  size  1.150000  1.400000  orientation 0.00
drill  0.000000
shape_offset  0.000000  0.000000
$EndPAD
$EndMODULE  L3

$MODULE "L1"
reference "L1"
value "MMZ2012R102A"
footprint "Inductor_SMD:L_0805_2012Metric_Pad1.15x1.40mm_HandSolder"
attribut smd
position 127.009200 136.188200  orientation 0.00
layer front
$PAD "2"
Shape Rundecken Layer front
position  1.025000  0.000000  size  1.150000  1.400000  orientation 0.00
drill  0.000000
shape_offset  0.000000  0.000000
$EndPAD
$PAD "1"
Shape Rundecken Layer front
position -1.025000  0.000000  size  1.150000  1.400000  orientation 0.00
drill  0.000000
shape_offset  0.000000  0.000000
$EndPAD
$EndMODULE  L1

$MODULE "J5"
reference "J5"
value "Conn_02x06_Odd_Even"
footprint "Connector_PinHeader_2.54mm:PinHeader_2x06_P2.54mm_Vertical"
attribut none
position 137.009200 112.748200  orientation 0.00
layer front
$PAD "12"
Shape Oval Layer both
position  2.540000 12.700000  size  1.700000  1.700000  orientation 0.00
drill  1.000000
shape_offset  0.000000  0.000000
$EndPAD
$PAD "11"
Shape Oval Layer both
position  0.000000 12.700000  size  1.700000  1.700000  orientation 0.00
drill  1.000000
shape_offset  0.000000  0.000000
$EndPAD
$PAD "10"
Shape Oval Layer both
position  2.540000 10.160000  size  1.700000  1.700000  orientation 0.00
drill  1.000000
shape_offset  0.000000  0.000000
$EndPAD
$PAD "9"
Shape Oval Layer both
position  0.000000 10.160000  size  1.700000  1.700000  orientation 0.00
drill  1.000000
shape_offset  0.000000  0.000000
$EndPAD
$PAD "8"
Shape Oval Layer both
position  2.540000  7.620000  size  1.700000  1.700000  orientation 0.00
drill  1.000000
shape_offset  0.000000  0.000000
$EndPAD
$PAD "7"
Shape Oval Layer both
position  0.000000  7.620000  size  1.700000  1.700000  orientation 0.00
drill  1.000000
shape_offset  0.000000  0.000000
$EndPAD
$PAD "6"
Shape Oval Layer both
position  2.540000  5.080000  size  1.700000  1.700000  orientation 0.00
drill  1.000000
shape_offset  0.000000  0.000000
$EndPAD
$PAD "5"
Shape Oval Layer both
position  0.000000  5.080000  size  1.700000  1.700000  orientation 0.00
drill  1.000000
shape_offset  0.000000  0.000000
$EndPAD
$PAD "4"
Shape Oval Layer both
position  2.540000  2.540000  size  1.700000  1.700000  orientation 0.00
drill  1.000000
shape_offset  0.000000  0.000000
$EndPAD
$PAD "3"
Shape Oval Layer both
position  0.000000  2.540000  size  1.700000  1.700000  orientation 0.00
drill  1.000000
shape_offset  0.000000  0.000000
$EndPAD
$PAD "2"
Shape Oval Layer both
position  2.540000  0.000000  size  1.700000  1.700000  orientation 0.00
drill  1.000000
shape_offset  0.000000  0.000000
$EndPAD
$PAD "1"
Shape Rechteck Layer both
position  0.000000  0.000000  size  1.700000  1.700000  orientation 0.00
drill  1.000000
shape_offset  0.000000  0.000000
$EndPAD
$EndMODULE  J5

$MODULE "J4"
reference "J4"
value "n.p."
footprint "Connector_PinHeader_2.54mm:PinHeader_1x01_P2.54mm_Vertical"
attribut none
position 46.500000 104.938200  orientation 0.00
layer front
$PAD "1"
Shape Rechteck Layer both
position  0.000000  0.000000  size  1.700000  1.700000  orientation 0.00
drill  1.000000
shape_offset  0.000000  0.000000
$EndPAD
$EndMODULE  J4

$MODULE "J3"
reference "J3"
value "n.p."
footprint "Connector_PinHeader_2.54mm:PinHeader_1x01_P2.54mm_Vertical"
attribut none
position 46.500000 142.500000  orientation 0.00
layer front
$PAD "1"
Shape Rechteck Layer both
position  0.000000  0.000000  size  1.700000  1.700000  orientation 0.00
drill  1.000000
shape_offset  0.000000  0.000000
$EndPAD
$EndMODULE  J3

$MODULE "J2"
reference "J2"
value "n.p."
footprint "Connector_PinHeader_2.54mm:PinHeader_1x01_P2.54mm_Vertical"
attribut none
position 46.500000 117.500000  orientation 0.00
layer front
$PAD "1"
Shape Rechteck Layer both
position  0.000000  0.000000  size  1.700000  1.700000  orientation 0.00
drill  1.000000
shape_offset  0.000000  0.000000
$EndPAD
$EndMODULE  J2

$MODULE "IC1"
reference "IC1"
value "ADS1292"
footprint "Package_QFP:LQFP-32_5x5mm_P0.5mm"
attribut smd
position 113.009200 123.688200  orientation 0.00
layer front
$PAD "32"
Shape Rundecken Layer front
position -1.750000 -3.175000  size  0.300000  1.500000  orientation 0.00
drill  0.000000
shape_offset  0.000000  0.000000
$EndPAD
$PAD "31"
Shape Rundecken Layer front
position -1.250000 -3.175000  size  0.300000  1.500000  orientation 0.00
drill  0.000000
shape_offset  0.000000  0.000000
$EndPAD
$PAD "30"
Shape Rundecken Layer front
position -0.750000 -3.175000  size  0.300000  1.500000  orientation 0.00
drill  0.000000
shape_offset  0.000000  0.000000
$EndPAD
$PAD "29"
Shape Rundecken Layer front
position -0.250000 -3.175000  size  0.300000  1.500000  orientation 0.00
drill  0.000000
shape_offset  0.000000  0.000000
$EndPAD
$PAD "28"
Shape Rundecken Layer front
position  0.250000 -3.175000  size  0.300000  1.500000  orientation 0.00
drill  0.000000
shape_offset  0.000000  0.000000
$EndPAD
$PAD "27"
Shape Rundecken Layer front
position  0.750000 -3.175000  size  0.300000  1.500000  orientation 0.00
drill  0.000000
shape_offset  0.000000  0.000000
$EndPAD
$PAD "26"
Shape Rundecken Layer front
position  1.250000 -3.175000  size  0.300000  1.500000  orientation 0.00
drill  0.000000
shape_offset  0.000000  0.000000
$EndPAD
$PAD "25"
Shape Rundecken Layer front
position  1.750000 -3.175000  size  0.300000  1.500000  orientation 0.00
drill  0.000000
shape_offset  0.000000  0.000000
$EndPAD
$PAD "24"
Shape Rundecken Layer front
position  3.175000 -1.750000  size  1.500000  0.300000  orientation 0.00
drill  0.000000
shape_offset  0.000000  0.000000
$EndPAD
$PAD "23"
Shape Rundecken Layer front
position  3.175000 -1.250000  size  1.500000  0.300000  orientation 0.00
drill  0.000000
shape_offset  0.000000  0.000000
$EndPAD
$PAD "22"
Shape Rundecken Layer front
position  3.175000 -0.750000  size  1.500000  0.300000  orientation 0.00
drill  0.000000
shape_offset  0.000000  0.000000
$EndPAD
$PAD "21"
Shape Rundecken Layer front
position  3.175000 -0.250000  size  1.500000  0.300000  orientation 0.00
drill  0.000000
shape_offset  0.000000  0.000000
$EndPAD
$PAD "20"
Shape Rundecken Layer front
position  3.175000  0.250000  size  1.500000  0.300000  orientation 0.00
drill  0.000000
shape_offset  0.000000  0.000000
$EndPAD
$PAD "19"
Shape Rundecken Layer front
position  3.175000  0.750000  size  1.500000  0.300000  orientation 0.00
drill  0.000000
shape_offset  0.000000  0.000000
$EndPAD
$PAD "18"
Shape Rundecken Layer front
position  3.175000  1.250000  size  1.500000  0.300000  orientation 0.00
drill  0.000000
shape_offset  0.000000  0.000000
$EndPAD
$PAD "17"
Shape Rundecken Layer front
position  3.175000  1.750000  size  1.500000  0.300000  orientation 0.00
drill  0.000000
shape_offset  0.000000  0.000000
$EndPAD
$PAD "16"
Shape Rundecken Layer front
position  1.750000  3.175000  size  0.300000  1.500000  orientation 0.00
drill  0.000000
shape_offset  0.000000  0.000000
$EndPAD
$PAD "15"
Shape Rundecken Layer front
position  1.250000  3.175000  size  0.300000  1.500000  orientation 0.00
drill  0.000000
shape_offset  0.000000  0.000000
$EndPAD
$PAD "14"
Shape Rundecken Layer front
position  0.750000  3.175000  size  0.300000  1.500000  orientation 0.00
drill  0.000000
shape_offset  0.000000  0.000000
$EndPAD
$PAD "13"
Shape Rundecken Layer front
position  0.250000  3.175000  size  0.300000  1.500000  orientation 0.00
drill  0.000000
shape_offset  0.000000  0.000000
$EndPAD
$PAD "12"
Shape Rundecken Layer front
position -0.250000  3.175000  size  0.300000  1.500000  orientation 0.00
drill  0.000000
shape_offset  0.000000  0.000000
$EndPAD
$PAD "11"
Shape Rundecken Layer front
position -0.750000  3.175000  size  0.300000  1.500000  orientation 0.00
drill  0.000000
shape_offset  0.000000  0.000000
$EndPAD
$PAD "10"
Shape Rundecken Layer front
position -1.250000  3.175000  size  0.300000  1.500000  orientation 0.00
drill  0.000000
shape_offset  0.000000  0.000000
$EndPAD
$PAD "9"
Shape Rundecken Layer front
position -1.750000  3.175000  size  0.300000  1.500000  orientation 0.00
drill  0.000000
shape_offset  0.000000  0.000000
$EndPAD
$PAD "8"
Shape Rundecken Layer front
position -3.175000  1.750000  size  1.500000  0.300000  orientation 0.00
drill  0.000000
shape_offset  0.000000  0.000000
$EndPAD
$PAD "7"
Shape Rundecken Layer front
position -3.175000  1.250000  size  1.500000  0.300000  orientation 0.00
drill  0.000000
shape_offset  0.000000  0.000000
$EndPAD
$PAD "6"
Shape Rundecken Layer front
position -3.175000  0.750000  size  1.500000  0.300000  orientation 0.00
drill  0.000000
shape_offset  0.000000  0.000000
$EndPAD
$PAD "5"
Shape Rundecken Layer front
position -3.175000  0.250000  size  1.500000  0.300000  orientation 0.00
drill  0.000000
shape_offset  0.000000  0.000000
$EndPAD
$PAD "4"
Shape Rundecken Layer front
position -3.175000 -0.250000  size  1.500000  0.300000  orientation 0.00
drill  0.000000
shape_offset  0.000000  0.000000
$EndPAD
$PAD "3"
Shape Rundecken Layer front
position -3.175000 -0.750000  size  1.500000  0.300000  orientation 0.00
drill  0.000000
shape_offset  0.000000  0.000000
$EndPAD
$PAD "2"
Shape Rundecken Layer front
position -3.175000 -1.250000  size  1.500000  0.300000  orientation 0.00
drill  0.000000
shape_offset  0.000000  0.000000
$EndPAD
$PAD "1"
Shape Rundecken Layer front
position -3.175000 -1.750000  size  1.500000  0.300000  orientation 0.00
drill  0.000000
shape_offset  0.000000  0.000000
$EndPAD
$EndMODULE  IC1

$MODULE "C10"
reference "C10"
value "n.p."
footprint "Capacitor_SMD:C_0603_1608Metric_Pad1.05x0.95mm_HandSolder"
attribut smd
position 103.750000 121.275000  orientation 90.00
layer front
$PAD "2"
Shape Rundecken Layer front
position  0.875000  0.000000  size  1.050000  0.950000  orientation 0.00
drill  0.000000
shape_offset  0.000000  0.000000
$EndPAD
$PAD "1"
Shape Rundecken Layer front
position -0.875000  0.000000  size  1.050000  0.950000  orientation 0.00
drill  0.000000
shape_offset  0.000000  0.000000
$EndPAD
$EndMODULE  C10

$MODULE "C31"
reference "C31"
value "1u"
footprint "Capacitor_SMD:C_0603_1608Metric_Pad1.05x0.95mm_HandSolder"
attribut smd
position 122.009200 119.438200  orientation 90.00
layer front
$PAD "2"
Shape Rundecken Layer front
position  0.875000  0.000000  size  1.050000  0.950000  orientation 0.00
drill  0.000000
shape_offset  0.000000  0.000000
$EndPAD
$PAD "1"
Shape Rundecken Layer front
position -0.875000  0.000000  size  1.050000  0.950000  orientation 0.00
drill  0.000000
shape_offset  0.000000  0.000000
$EndPAD
$EndMODULE  C31

$MODULE "C29"
reference "C29"
value "100n"
footprint "Capacitor_SMD:C_0603_1608Metric_Pad1.05x0.95mm_HandSolder"
attribut smd
position 120.009200 119.438200  orientation 90.00
layer front
$PAD "2"
Shape Rundecken Layer front
position  0.875000  0.000000  size  1.050000  0.950000  orientation 0.00
drill  0.000000
shape_offset  0.000000  0.000000
$EndPAD
$PAD "1"
Shape Rundecken Layer front
position -0.875000  0.000000  size  1.050000  0.950000  orientation 0.00
drill  0.000000
shape_offset  0.000000  0.000000
$EndPAD
$EndMODULE  C29

$MODULE "C28"
reference "C28"
value "10u"
footprint "Capacitor_SMD:C_0603_1608Metric_Pad1.05x0.95mm_HandSolder"
attribut smd
position 105.000000 130.000000  orientation 270.00
layer front
$PAD "2"
Shape Rundecken Layer front
position  0.875000  0.000000  size  1.050000  0.950000  orientation 0.00
drill  0.000000
shape_offset  0.000000  0.000000
$EndPAD
$PAD "1"
Shape Rundecken Layer front
position -0.875000  0.000000  size  1.050000  0.950000  orientation 0.00
drill  0.000000
shape_offset  0.000000  0.000000
$EndPAD
$EndMODULE  C28

$MODULE "C27"
reference "C27"
value "100n"
footprint "Capacitor_SMD:C_0603_1608Metric_Pad1.05x0.95mm_HandSolder"
attribut smd
position 107.300000 130.000000  orientation 270.00
layer front
$PAD "2"
Shape Rundecken Layer front
position  0.875000  0.000000  size  1.050000  0.950000  orientation 0.00
drill  0.000000
shape_offset  0.000000  0.000000
$EndPAD
$PAD "1"
Shape Rundecken Layer front
position -0.875000  0.000000  size  1.050000  0.950000  orientation 0.00
drill  0.000000
shape_offset  0.000000  0.000000
$EndPAD
$EndMODULE  C27

$MODULE "C26"
reference "C26"
value "100n"
footprint "Capacitor_SMD:C_0603_1608Metric_Pad1.05x0.95mm_HandSolder"
attribut smd
position 112.009200 132.000000  orientation 180.00
layer front
$PAD "2"
Shape Rundecken Layer front
position  0.875000  0.000000  size  1.050000  0.950000  orientation 0.00
drill  0.000000
shape_offset  0.000000  0.000000
$EndPAD
$PAD "1"
Shape Rundecken Layer front
position -0.875000  0.000000  size  1.050000  0.950000  orientation 0.00
drill  0.000000
shape_offset  0.000000  0.000000
$EndPAD
$EndMODULE  C26

$MODULE "C23"
reference "C23"
value "1u"
footprint "Capacitor_SMD:C_0603_1608Metric_Pad1.05x0.95mm_HandSolder"
attribut smd
position 112.009200 130.188200  orientation 180.00
layer front
$PAD "2"
Shape Rundecken Layer front
position  0.875000  0.000000  size  1.050000  0.950000  orientation 0.00
drill  0.000000
shape_offset  0.000000  0.000000
$EndPAD
$PAD "1"
Shape Rundecken Layer front
position -0.875000  0.000000  size  1.050000  0.950000  orientation 0.00
drill  0.000000
shape_offset  0.000000  0.000000
$EndPAD
$EndMODULE  C23

$MODULE "C22"
reference "C22"
value "470p"
footprint "Capacitor_SMD:C_0603_1608Metric_Pad1.05x0.95mm_HandSolder"
attribut smd
position 109.500000 116.000000  orientation 90.00
layer front
$PAD "2"
Shape Rundecken Layer front
position  0.875000  0.000000  size  1.050000  0.950000  orientation 0.00
drill  0.000000
shape_offset  0.000000  0.000000
$EndPAD
$PAD "1"
Shape Rundecken Layer front
position -0.875000  0.000000  size  1.050000  0.950000  orientation 0.00
drill  0.000000
shape_offset  0.000000  0.000000
$EndPAD
$EndMODULE  C22

$MODULE "C20"
reference "C20"
value "1u"
footprint "Capacitor_SMD:C_0603_1608Metric_Pad1.05x0.95mm_HandSolder"
attribut smd
position 113.509200 116.063200  orientation 90.00
layer front
$PAD "2"
Shape Rundecken Layer front
position  0.875000  0.000000  size  1.050000  0.950000  orientation 0.00
drill  0.000000
shape_offset  0.000000  0.000000
$EndPAD
$PAD "1"
Shape Rundecken Layer front
position -0.875000  0.000000  size  1.050000  0.950000  orientation 0.00
drill  0.000000
shape_offset  0.000000  0.000000
$EndPAD
$EndMODULE  C20

$MODULE "C19"
reference "C19"
value "470p"
footprint "Capacitor_SMD:C_0603_1608Metric_Pad1.05x0.95mm_HandSolder"
attribut smd
position 111.500000 112.688200  orientation 270.00
layer front
$PAD "2"
Shape Rundecken Layer front
position  0.875000  0.000000  size  1.050000  0.950000  orientation 0.00
drill  0.000000
shape_offset  0.000000  0.000000
$EndPAD
$PAD "1"
Shape Rundecken Layer front
position -0.875000  0.000000  size  1.050000  0.950000  orientation 0.00
drill  0.000000
shape_offset  0.000000  0.000000
$EndPAD
$EndMODULE  C19

$MODULE "C18"
reference "C18"
value "1u"
footprint "Capacitor_SMD:C_0603_1608Metric_Pad1.05x0.95mm_HandSolder"
attribut smd
position 113.509200 135.313200  orientation 90.00
layer front
$PAD "2"
Shape Rundecken Layer front
position  0.875000  0.000000  size  1.050000  0.950000  orientation 0.00
drill  0.000000
shape_offset  0.000000  0.000000
$EndPAD
$PAD "1"
Shape Rundecken Layer front
position -0.875000  0.000000  size  1.050000  0.950000  orientation 0.00
drill  0.000000
shape_offset  0.000000  0.000000
$EndPAD
$EndMODULE  C18

$MODULE "C16"
reference "C16"
value "4.7n"
footprint "Capacitor_SMD:C_0603_1608Metric_Pad1.05x0.95mm_HandSolder"
attribut smd
position 107.300000 126.475000  orientation 90.00
layer front
$PAD "2"
Shape Rundecken Layer front
position  0.875000  0.000000  size  1.050000  0.950000  orientation 0.00
drill  0.000000
shape_offset  0.000000  0.000000
$EndPAD
$PAD "1"
Shape Rundecken Layer front
position -0.875000  0.000000  size  1.050000  0.950000  orientation 0.00
drill  0.000000
shape_offset  0.000000  0.000000
$EndPAD
$EndMODULE  C16

$MODULE "C15"
reference "C15"
value "4.7n"
footprint "Capacitor_SMD:C_0603_1608Metric_Pad1.05x0.95mm_HandSolder"
attribut smd
position 107.300000 120.800000  orientation 90.00
layer front
$PAD "2"
Shape Rundecken Layer front
position  0.875000  0.000000  size  1.050000  0.950000  orientation 0.00
drill  0.000000
shape_offset  0.000000  0.000000
$EndPAD
$PAD "1"
Shape Rundecken Layer front
position -0.875000  0.000000  size  1.050000  0.950000  orientation 0.00
drill  0.000000
shape_offset  0.000000  0.000000
$EndPAD
$EndMODULE  C15

$MODULE "C13"
reference "C13"
value "2.2u"
footprint "Capacitor_SMD:C_0603_1608Metric_Pad1.05x0.95mm_HandSolder"
attribut smd
position 115.009200 135.313200  orientation 90.00
layer front
$PAD "2"
Shape Rundecken Layer front
position  0.875000  0.000000  size  1.050000  0.950000  orientation 0.00
drill  0.000000
shape_offset  0.000000  0.000000
$EndPAD
$PAD "1"
Shape Rundecken Layer front
position -0.875000  0.000000  size  1.050000  0.950000  orientation 0.00
drill  0.000000
shape_offset  0.000000  0.000000
$EndPAD
$EndMODULE  C13

$MODULE "C12"
reference "C12"
value "10n"
footprint "Capacitor_SMD:C_0603_1608Metric_Pad1.05x0.95mm_HandSolder"
attribut smd
position 116.000000 132.000000  orientation 180.00
layer front
$PAD "1"
Shape Rundecken Layer front
position -0.875000  0.000000  size  1.050000  0.950000  orientation 0.00
drill  0.000000
shape_offset  0.000000  0.000000
$EndPAD
$PAD "2"
Shape Rundecken Layer front
position  0.875000  0.000000  size  1.050000  0.950000  orientation 0.00
drill  0.000000
shape_offset  0.000000  0.000000
$EndPAD
$EndMODULE  C12

$MODULE "C11"
reference "C11"
value "n.p."
footprint "Capacitor_SMD:C_0603_1608Metric_Pad1.05x0.95mm_HandSolder"
attribut smd
position 103.750000 126.075000  orientation 270.00
layer front
$PAD "2"
Shape Rundecken Layer front
position  0.875000  0.000000  size  1.050000  0.950000  orientation 0.00
drill  0.000000
shape_offset  0.000000  0.000000
$EndPAD
$PAD "1"
Shape Rundecken Layer front
position -0.875000  0.000000  size  1.050000  0.950000  orientation 0.00
drill  0.000000
shape_offset  0.000000  0.000000
$EndPAD
$EndMODULE  C11

$MODULE "C9"
reference "C9"
value "100n"
footprint "Capacitor_SMD:C_0603_1608Metric_Pad1.05x0.95mm_HandSolder"
attribut smd
position 122.009200 135.313200  orientation 90.00
layer front
$PAD "2"
Shape Rundecken Layer front
position  0.875000  0.000000  size  1.050000  0.950000  orientation 0.00
drill  0.000000
shape_offset  0.000000  0.000000
$EndPAD
$PAD "1"
Shape Rundecken Layer front
position -0.875000  0.000000  size  1.050000  0.950000  orientation 0.00
drill  0.000000
shape_offset  0.000000  0.000000
$EndPAD
$EndMODULE  C9

$MODULE "C8"
reference "C8"
value "2.2u"
footprint "Capacitor_SMD:C_0603_1608Metric_Pad1.05x0.95mm_HandSolder"
attribut smd
position 123.509200 135.313200  orientation 90.00
layer front
$PAD "2"
Shape Rundecken Layer front
position  0.875000  0.000000  size  1.050000  0.950000  orientation 0.00
drill  0.000000
shape_offset  0.000000  0.000000
$EndPAD
$PAD "1"
Shape Rundecken Layer front
position -0.875000  0.000000  size  1.050000  0.950000  orientation 0.00
drill  0.000000
shape_offset  0.000000  0.000000
$EndPAD
$EndMODULE  C8

$MODULE "C7"
reference "C7"
value "3n"
footprint "Capacitor_SMD:C_0603_1608Metric_Pad1.05x0.95mm_HandSolder"
attribut smd
position 99.009200 140.688200  orientation 90.00
layer front
$PAD "2"
Shape Rundecken Layer front
position  0.875000  0.000000  size  1.050000  0.950000  orientation 0.00
drill  0.000000
shape_offset  0.000000  0.000000
$EndPAD
$PAD "1"
Shape Rundecken Layer front
position -0.875000  0.000000  size  1.050000  0.950000  orientation 0.00
drill  0.000000
shape_offset  0.000000  0.000000
$EndPAD
$EndMODULE  C7

$MODULE "C6"
reference "C6"
value "3n"
footprint "Capacitor_SMD:C_0603_1608Metric_Pad1.05x0.95mm_HandSolder"
attribut smd
position 99.009200 116.188200  orientation 90.00
layer front
$PAD "2"
Shape Rundecken Layer front
position  0.875000  0.000000  size  1.050000  0.950000  orientation 0.00
drill  0.000000
shape_offset  0.000000  0.000000
$EndPAD
$PAD "1"
Shape Rundecken Layer front
position -0.875000  0.000000  size  1.050000  0.950000  orientation 0.00
drill  0.000000
shape_offset  0.000000  0.000000
$EndPAD
$EndMODULE  C6

$MODULE "C5"
reference "C5"
value "3n"
footprint "Capacitor_SMD:C_0603_1608Metric_Pad1.05x0.95mm_HandSolder"
attribut smd
position 99.009200 128.688200  orientation 90.00
layer front
$PAD "2"
Shape Rundecken Layer front
position  0.875000  0.000000  size  1.050000  0.950000  orientation 0.00
drill  0.000000
shape_offset  0.000000  0.000000
$EndPAD
$PAD "1"
Shape Rundecken Layer front
position -0.875000  0.000000  size  1.050000  0.950000  orientation 0.00
drill  0.000000
shape_offset  0.000000  0.000000
$EndPAD
$EndMODULE  C5

$MODULE "NE4"
reference "NE4"
value "150V"
footprint "Capacitor_THT:C_Radial_D8.0mm_H11.5mm_P3.50mm"
attribut none
position 85.000000 102.500000  orientation 180.00
layer front
$PAD "2"
Shape Kreis Layer both
position  3.500000  0.000000  size  1.600000  1.600000  orientation 0.00
drill  0.800000
shape_offset  0.000000  0.000000
$EndPAD
$PAD "1"
Shape Kreis Layer both
position  0.000000  0.000000  size  1.600000  1.600000  orientation 0.00
drill  0.800000
shape_offset  0.000000  0.000000
$EndPAD
$EndMODULE  NE4

$MODULE "NE3"
reference "NE3"
value "150V"
footprint "Capacitor_THT:C_Radial_D8.0mm_H11.5mm_P3.50mm"
attribut none
position 85.000000 139.938200  orientation 180.00
layer front
$PAD "2"
Shape Kreis Layer both
position  3.500000  0.000000  size  1.600000  1.600000  orientation 0.00
drill  0.800000
shape_offset  0.000000  0.000000
$EndPAD
$PAD "1"
Shape Kreis Layer both
position  0.000000  0.000000  size  1.600000  1.600000  orientation 0.00
drill  0.800000
shape_offset  0.000000  0.000000
$EndPAD
$EndMODULE  NE3

$MODULE "D4"
reference "D4"
value "TVS, 5V, 9.2V"
footprint "Diode_SMD:D_SMB_Handsoldering"
attribut smd
position 93.759200 105.988200  orientation 90.00
layer front
$PAD "2"
Shape Rechteck Layer front
position  2.700000  0.000000  size  3.500000  2.300000  orientation 0.00
drill  0.000000
shape_offset  0.000000  0.000000
$EndPAD
$PAD "1"
Shape Rechteck Layer front
position -2.700000  0.000000  size  3.500000  2.300000  orientation 0.00
drill  0.000000
shape_offset  0.000000  0.000000
$EndPAD
$EndMODULE  D4

$MODULE "R10"
reference "R10"
value "10k, 1W, carbon"
footprint "Resistor_THT:R_Axial_DIN0309_L9.0mm_D3.2mm_P12.70mm_Horizontal"
attribut none
position 77.509200 104.938200  orientation 180.00
layer front
$PAD "2"
Shape Oval Layer both
position 12.700000  0.000000  size  1.600000  1.600000  orientation 0.00
drill  0.800000
shape_offset  0.000000  0.000000
$EndPAD
$PAD "1"
Shape Kreis Layer both
position  0.000000  0.000000  size  1.600000  1.600000  orientation 0.00
drill  0.800000
shape_offset  0.000000  0.000000
$EndPAD
$EndMODULE  R10

$MODULE "R5"
reference "R5"
value "10k, 1W, carbon"
footprint "Resistor_THT:R_Axial_DIN0309_L9.0mm_D3.2mm_P12.70mm_Horizontal"
attribut none
position 62.509200 142.438200  orientation 180.00
layer front
$PAD "2"
Shape Oval Layer both
position 12.700000  0.000000  size  1.600000  1.600000  orientation 0.00
drill  0.800000
shape_offset  0.000000  0.000000
$EndPAD
$PAD "1"
Shape Kreis Layer both
position  0.000000  0.000000  size  1.600000  1.600000  orientation 0.00
drill  0.800000
shape_offset  0.000000  0.000000
$EndPAD
$EndMODULE  R5

$MODULE "R4"
reference "R4"
value "10k, 1W, carbon"
footprint "Resistor_THT:R_Axial_DIN0309_L9.0mm_D3.2mm_P12.70mm_Horizontal"
attribut none
position 62.509200 117.438200  orientation 180.00
layer front
$PAD "2"
Shape Oval Layer both
position 12.700000  0.000000  size  1.600000  1.600000  orientation 0.00
drill  0.800000
shape_offset  0.000000  0.000000
$EndPAD
$PAD "1"
Shape Kreis Layer both
position  0.000000  0.000000  size  1.600000  1.600000  orientation 0.00
drill  0.800000
shape_offset  0.000000  0.000000
$EndPAD
$EndMODULE  R4

$MODULE "R3"
reference "R3"
value "10k, 1W, carbon"
footprint "Resistor_THT:R_Axial_DIN0309_L9.0mm_D3.2mm_P12.70mm_Horizontal"
attribut none
position 62.509200 129.938200  orientation 180.00
layer front
$PAD "2"
Shape Oval Layer both
position 12.700000  0.000000  size  1.600000  1.600000  orientation 0.00
drill  0.800000
shape_offset  0.000000  0.000000
$EndPAD
$PAD "1"
Shape Kreis Layer both
position  0.000000  0.000000  size  1.600000  1.600000  orientation 0.00
drill  0.800000
shape_offset  0.000000  0.000000
$EndPAD
$EndMODULE  R3

$MODULE "R11"
reference "R11"
value "10k, 250mW"
footprint "Resistor_THT:R_Axial_DIN0207_L6.3mm_D2.5mm_P10.16mm_Horizontal"
attribut none
position 90.169200 133.688200  orientation 180.00
layer front
$PAD "1"
Shape Kreis Layer both
position  0.000000  0.000000  size  1.600000  1.600000  orientation 0.00
drill  0.800000
shape_offset  0.000000  0.000000
$EndPAD
$PAD "2"
Shape Oval Layer both
position 10.160000  0.000000  size  1.600000  1.600000  orientation 0.00
drill  0.800000
shape_offset  0.000000  0.000000
$EndPAD
$EndMODULE  R11

$MODULE "R12"
reference "R12"
value "10k, 250mW"
footprint "Resistor_THT:R_Axial_DIN0207_L6.3mm_D2.5mm_P10.16mm_Horizontal"
attribut none
position 90.009200 121.188200  orientation 180.00
layer front
$PAD "1"
Shape Kreis Layer both
position  0.000000  0.000000  size  1.600000  1.600000  orientation 0.00
drill  0.800000
shape_offset  0.000000  0.000000
$EndPAD
$PAD "2"
Shape Oval Layer both
position 10.160000  0.000000  size  1.600000  1.600000  orientation 0.00
drill  0.800000
shape_offset  0.000000  0.000000
$EndPAD
$EndMODULE  R12

$MODULE "R13"
reference "R13"
value "10k, 250mW"
footprint "Resistor_THT:R_Axial_DIN0207_L6.3mm_D2.5mm_P10.16mm_Horizontal"
attribut none
position 90.169200 146.250000  orientation 180.00
layer front
$PAD "2"
Shape Oval Layer both
position 10.160000  0.000000  size  1.600000  1.600000  orientation 0.00
drill  0.800000
shape_offset  0.000000  0.000000
$EndPAD
$PAD "1"
Shape Kreis Layer both
position  0.000000  0.000000  size  1.600000  1.600000  orientation 0.00
drill  0.800000
shape_offset  0.000000  0.000000
$EndPAD
$EndMODULE  R13

$MODULE "C1"
reference "C1"
value "n.p."
footprint "Capacitor_THT:C_Rect_L4.0mm_W2.5mm_P2.50mm"
attribut none
position 89.500000 129.938200  orientation 90.00
layer front
$PAD "1"
Shape Kreis Layer both
position  0.000000  0.000000  size  1.600000  1.600000  orientation 0.00
drill  0.800000
shape_offset  0.000000  0.000000
$EndPAD
$PAD "2"
Shape Kreis Layer both
position  2.500000  0.000000  size  1.600000  1.600000  orientation 0.00
drill  0.800000
shape_offset  0.000000  0.000000
$EndPAD
$EndMODULE  C1

$MODULE "C3"
reference "C3"
value "n.p."
footprint "Capacitor_THT:C_Rect_L4.0mm_W2.5mm_P2.50mm"
attribut none
position 89.500000 142.438200  orientation 90.00
layer front
$PAD "1"
Shape Kreis Layer both
position  0.000000  0.000000  size  1.600000  1.600000  orientation 0.00
drill  0.800000
shape_offset  0.000000  0.000000
$EndPAD
$PAD "2"
Shape Kreis Layer both
position  2.500000  0.000000  size  1.600000  1.600000  orientation 0.00
drill  0.800000
shape_offset  0.000000  0.000000
$EndPAD
$EndMODULE  C3

$MODULE "C4"
reference "C4"
value "n.p."
footprint "Capacitor_THT:C_Rect_L4.0mm_W2.5mm_P2.50mm"
attribut none
position 89.500000 104.938200  orientation 90.00
layer front
$PAD "2"
Shape Kreis Layer both
position  2.500000  0.000000  size  1.600000  1.600000  orientation 0.00
drill  0.800000
shape_offset  0.000000  0.000000
$EndPAD
$PAD "1"
Shape Kreis Layer both
position  0.000000  0.000000  size  1.600000  1.600000  orientation 0.00
drill  0.800000
shape_offset  0.000000  0.000000
$EndPAD
$EndMODULE  C4

$EndDESCRIPTION
